  [1m[35m (0.6ms)[0m  [1m[34mSELECT pg_try_advisory_lock(2519949502633452540)[0m
  [1m[35m (0.9ms)[0m  [1m[34mSELECT "schema_migrations"."version" FROM "schema_migrations" ORDER BY "schema_migrations"."version" ASC[0m
  [1m[36mActiveRecord::InternalMetadata Load (0.9ms)[0m  [1m[34mSELECT "ar_internal_metadata".* FROM "ar_internal_metadata" WHERE "ar_internal_metadata"."key" = $1 LIMIT $2[0m  [["key", "environment"], ["LIMIT", 1]]
  [1m[35m (0.2ms)[0m  [1m[34mSELECT pg_advisory_unlock(2519949502633452540)[0m
  [1m[35m (0.4ms)[0m  [1m[34mSELECT "schema_migrations"."version" FROM "schema_migrations" ORDER BY "schema_migrations"."version" ASC[0m
Started GET "/" for 127.0.0.1 at 2021-12-07 16:50:51 -0500
  [1m[35m (1.8ms)[0m  [1m[34mSELECT "schema_migrations"."version" FROM "schema_migrations" ORDER BY "schema_migrations"."version" ASC[0m
Processing by Rails::WelcomeController#index as HTML
  Rendering /home/divesh/.rvm/gems/ruby-2.7.1/gems/railties-6.1.4.1/lib/rails/templates/rails/welcome/index.html.erb
  Rendered /home/divesh/.rvm/gems/ruby-2.7.1/gems/railties-6.1.4.1/lib/rails/templates/rails/welcome/index.html.erb (Duration: 9.5ms | Allocations: 516)
Completed 200 OK in 42ms (Views: 18.9ms | ActiveRecord: 0.0ms | Allocations: 4394)


Started GET "/" for 127.0.0.1 at 2021-12-07 16:51:05 -0500
Processing by Rails::WelcomeController#index as HTML
  Rendering /home/divesh/.rvm/gems/ruby-2.7.1/gems/railties-6.1.4.1/lib/rails/templates/rails/welcome/index.html.erb
  Rendered /home/divesh/.rvm/gems/ruby-2.7.1/gems/railties-6.1.4.1/lib/rails/templates/rails/welcome/index.html.erb (Duration: 11.3ms | Allocations: 228)
Completed 200 OK in 35ms (Views: 34.4ms | ActiveRecord: 0.0ms | Allocations: 4287)


Started GET "/Intake/1/PersonalDetails" for 127.0.0.1 at 2021-12-07 16:53:11 -0500
  
ActionController::RoutingError (No route matches [GET] "/Intake/1/PersonalDetails"):
  
Started GET "/Intake/personalDetails" for 127.0.0.1 at 2021-12-07 16:54:21 -0500
  
ActionController::RoutingError (No route matches [GET] "/Intake/personalDetails"):
  
Started GET "/Intake/1/personalDetails" for 127.0.0.1 at 2021-12-07 16:54:28 -0500
  
ActionController::RoutingError (No route matches [GET] "/Intake/1/personalDetails"):
  
Started GET "/intake/1/personalDetails" for 127.0.0.1 at 2021-12-07 16:55:57 -0500
Processing by PatientsController#personalDetails as HTML
  Parameters: {"id"=>"1"}
  [1m[36mPatient Load (1.7ms)[0m  [1m[34mSELECT "patients"."id", "patients"."user_id", "patients"."license_no", "patients"."sex", "patients"."height", "patients"."weight", "patients"."marital_status", "patients"."emergency_contact_number", "patients"."emergency_contact_name", "patients"."emergency_contact_address", "patients"."emergency_contact_email" FROM "patients" WHERE "patients"."id" = $1 LIMIT $2[0m  [["id", 1], ["LIMIT", 1]]
  ↳ app/controllers/patients_controller.rb:69:in `personalDetails'
Completed 404 Not Found in 24ms (ActiveRecord: 9.7ms | Allocations: 6044)


  
ActiveRecord::RecordNotFound (Couldn't find Patient with 'id'=1):
  
app/controllers/patients_controller.rb:69:in `personalDetails'
Started GET "/health_histories" for 127.0.0.1 at 2021-12-07 20:21:35 -0500
  [1m[35m (1.5ms)[0m  [1m[34mSELECT "schema_migrations"."version" FROM "schema_migrations" ORDER BY "schema_migrations"."version" ASC[0m
  
SyntaxError (/Users/Abhay/Projects/CS673/Scrum_Team_Patient_Intake_Kiosk/app/controllers/health_histories_controller.rb:86: syntax error, unexpected '.', expecting ';' or '\n'
...lth_history_params      params.require(:health_history).perm...
...                              ^
/Users/Abhay/Projects/CS673/Scrum_Team_Patient_Intake_Kiosk/app/controllers/health_histories_controller.rb:89: syntax error, unexpected end, expecting end-of-input):
  
app/controllers/health_histories_controller.rb:86: syntax error, unexpected '.', expecting ';' or '\n'
app/controllers/health_histories_controller.rb:89: syntax error, unexpected end, expecting end-of-input
app/controllers/health_histories_controller.rb:86: syntax error, unexpected '.', expecting ';' or '\n'
app/controllers/health_histories_controller.rb:89: syntax error, unexpected end, expecting end-of-input
app/controllers/health_histories_controller.rb:86: syntax error, unexpected '.', expecting ';' or '\n'
app/controllers/health_histories_controller.rb:89: syntax error, unexpected end, expecting end-of-input
Started GET "/health_histories" for 127.0.0.1 at 2021-12-07 20:21:53 -0500
  
SyntaxError (/Users/Abhay/Projects/CS673/Scrum_Team_Patient_Intake_Kiosk/app/controllers/health_histories_controller.rb:86: syntax error, unexpected '.', expecting ';' or '\n'
...lth_history_params      params.require(:health_histories).pe...
...                              ^
/Users/Abhay/Projects/CS673/Scrum_Team_Patient_Intake_Kiosk/app/controllers/health_histories_controller.rb:89: syntax error, unexpected end, expecting end-of-input):
  
app/controllers/health_histories_controller.rb:86: syntax error, unexpected '.', expecting ';' or '\n'
app/controllers/health_histories_controller.rb:89: syntax error, unexpected end, expecting end-of-input
app/controllers/health_histories_controller.rb:86: syntax error, unexpected '.', expecting ';' or '\n'
app/controllers/health_histories_controller.rb:89: syntax error, unexpected end, expecting end-of-input
app/controllers/health_histories_controller.rb:86: syntax error, unexpected '.', expecting ';' or '\n'
app/controllers/health_histories_controller.rb:89: syntax error, unexpected end, expecting end-of-input
Started GET "/health_histories" for 127.0.0.1 at 2021-12-07 20:22:20 -0500
  
SyntaxError (/Users/Abhay/Projects/CS673/Scrum_Team_Patient_Intake_Kiosk/app/controllers/health_histories_controller.rb:86: syntax error, unexpected '.', expecting ';' or '\n'
...lth_history_params      params.require(:healthhistory).permi...
...                              ^
/Users/Abhay/Projects/CS673/Scrum_Team_Patient_Intake_Kiosk/app/controllers/health_histories_controller.rb:89: syntax error, unexpected end, expecting end-of-input):
  
app/controllers/health_histories_controller.rb:86: syntax error, unexpected '.', expecting ';' or '\n'
app/controllers/health_histories_controller.rb:89: syntax error, unexpected end, expecting end-of-input
app/controllers/health_histories_controller.rb:86: syntax error, unexpected '.', expecting ';' or '\n'
app/controllers/health_histories_controller.rb:89: syntax error, unexpected end, expecting end-of-input
app/controllers/health_histories_controller.rb:86: syntax error, unexpected '.', expecting ';' or '\n'
app/controllers/health_histories_controller.rb:89: syntax error, unexpected end, expecting end-of-input
Started GET "/health_histories" for 127.0.0.1 at 2021-12-07 20:23:27 -0500
  
SyntaxError (/Users/Abhay/Projects/CS673/Scrum_Team_Patient_Intake_Kiosk/app/controllers/health_histories_controller.rb:86: syntax error, unexpected '.', expecting ';' or '\n'
...lth_history_params      params.require(:health_history).perm...
...                              ^
/Users/Abhay/Projects/CS673/Scrum_Team_Patient_Intake_Kiosk/app/controllers/health_histories_controller.rb:89: syntax error, unexpected end, expecting end-of-input):
  
app/controllers/health_histories_controller.rb:86: syntax error, unexpected '.', expecting ';' or '\n'
app/controllers/health_histories_controller.rb:89: syntax error, unexpected end, expecting end-of-input
app/controllers/health_histories_controller.rb:86: syntax error, unexpected '.', expecting ';' or '\n'
app/controllers/health_histories_controller.rb:89: syntax error, unexpected end, expecting end-of-input
app/controllers/health_histories_controller.rb:86: syntax error, unexpected '.', expecting ';' or '\n'
app/controllers/health_histories_controller.rb:89: syntax error, unexpected end, expecting end-of-input
Started GET "/health_histories" for 127.0.0.1 at 2021-12-07 20:24:29 -0500
  
SyntaxError (/Users/Abhay/Projects/CS673/Scrum_Team_Patient_Intake_Kiosk/app/controllers/health_histories_controller.rb:86: syntax error, unexpected '.', expecting ';' or '\n'
...lth_history_params      params.permit(:patient_id, :medicati...
...                              ^
/Users/Abhay/Projects/CS673/Scrum_Team_Patient_Intake_Kiosk/app/controllers/health_histories_controller.rb:89: syntax error, unexpected end, expecting end-of-input):
  
app/controllers/health_histories_controller.rb:86: syntax error, unexpected '.', expecting ';' or '\n'
app/controllers/health_histories_controller.rb:89: syntax error, unexpected end, expecting end-of-input
app/controllers/health_histories_controller.rb:86: syntax error, unexpected '.', expecting ';' or '\n'
app/controllers/health_histories_controller.rb:89: syntax error, unexpected end, expecting end-of-input
app/controllers/health_histories_controller.rb:86: syntax error, unexpected '.', expecting ';' or '\n'
app/controllers/health_histories_controller.rb:89: syntax error, unexpected end, expecting end-of-input
Started GET "/health_histories" for 127.0.0.1 at 2021-12-07 20:24:56 -0500
Processing by HealthHistoriesController#index as HTML
  Rendering layout layouts/application.html.erb
  Rendering health_histories/index.html.erb within layouts/application
  [1m[36mHealthHistory Load (2.5ms)[0m  [1m[34mSELECT "health_histories".* FROM "health_histories"[0m
  ↳ app/views/health_histories/index.html.erb:14
  Rendered health_histories/index.html.erb within layouts/application (Duration: 36.6ms | Allocations: 17423)
  Rendered layout layouts/application.html.erb (Duration: 36.8ms | Allocations: 17493)
Completed 500 Internal Server Error in 52ms (ActiveRecord: 15.6ms | Allocations: 24583)


  
ActionView::Template::Error (undefined method `relation' for #<HealthHistory:0x00007fdeda904988>):
    13:   <tbody>
    14:     <% @health_histories.each do |health_history| %>
    15:       <tr>
    16:         <td><%= health_history.relation %></td>
    17:         <td><%= link_to 'Show', health_history %></td>
    18:         <td><%= link_to 'Edit', edit_health_history_path(health_history) %></td>
    19:         <td><%= link_to 'Destroy', health_history, method: :delete, data: { confirm: 'Are you sure?' } %></td>
  
app/views/health_histories/index.html.erb:16
app/views/health_histories/index.html.erb:14
Started GET "/health_histories" for 127.0.0.1 at 2021-12-07 20:25:54 -0500
Processing by HealthHistoriesController#index as HTML
  Rendering layout layouts/application.html.erb
  Rendering health_histories/index.html.erb within layouts/application
  [1m[36mHealthHistory Load (2.2ms)[0m  [1m[34mSELECT "health_histories".* FROM "health_histories"[0m
  ↳ app/views/health_histories/index.html.erb:14
  Rendered health_histories/index.html.erb within layouts/application (Duration: 24.8ms | Allocations: 4658)
  Rendered layout layouts/application.html.erb (Duration: 25.0ms | Allocations: 4728)
Completed 500 Internal Server Error in 31ms (ActiveRecord: 2.2ms | Allocations: 8478)


  
ActionView::Template::Error (undefined method `relation' for #<HealthHistory:0x00007fdf082bd218>):
    13:   <tbody>
    14:     <% @health_histories.each do |health_history| %>
    15:       <tr>
    16:         <td><%= health_history.relation %></td>
    17:         <td><%= link_to 'Show', health_history %></td>
    18:         <td><%= link_to 'Edit', edit_health_history_path(health_history) %></td>
    19:         <td><%= link_to 'Destroy', health_history, method: :delete, data: { confirm: 'Are you sure?' } %></td>
  
app/views/health_histories/index.html.erb:16
app/views/health_histories/index.html.erb:14
Started GET "/health_histories" for 127.0.0.1 at 2021-12-07 20:25:57 -0500
Processing by HealthHistoriesController#index as HTML
  Rendering layout layouts/application.html.erb
  Rendering health_histories/index.html.erb within layouts/application
  [1m[36mHealthHistory Load (2.5ms)[0m  [1m[34mSELECT "health_histories".* FROM "health_histories"[0m
  ↳ app/views/health_histories/index.html.erb:14
  Rendered health_histories/index.html.erb within layouts/application (Duration: 22.1ms | Allocations: 4414)
  Rendered layout layouts/application.html.erb (Duration: 22.4ms | Allocations: 4484)
Completed 500 Internal Server Error in 25ms (ActiveRecord: 2.5ms | Allocations: 7484)


  
ActionView::Template::Error (undefined method `relation' for #<HealthHistory:0x00007fdf085cfe60>):
    13:   <tbody>
    14:     <% @health_histories.each do |health_history| %>
    15:       <tr>
    16:         <td><%= health_history.relation %></td>
    17:         <td><%= link_to 'Show', health_history %></td>
    18:         <td><%= link_to 'Edit', edit_health_history_path(health_history) %></td>
    19:         <td><%= link_to 'Destroy', health_history, method: :delete, data: { confirm: 'Are you sure?' } %></td>
  
app/views/health_histories/index.html.erb:16
app/views/health_histories/index.html.erb:14
Started GET "/health_histories" for 127.0.0.1 at 2021-12-07 20:26:35 -0500
Processing by HealthHistoriesController#index as HTML
  Rendering layout layouts/application.html.erb
  Rendering health_histories/index.html.erb within layouts/application
  [1m[36mHealthHistory Load (2.1ms)[0m  [1m[34mSELECT "health_histories".* FROM "health_histories"[0m
  ↳ app/views/health_histories/index.html.erb:14
  Rendered health_histories/index.html.erb within layouts/application (Duration: 9.6ms | Allocations: 1432)
[Webpacker] Compiling...
[Webpacker] Compiled all packs in /Users/Abhay/Projects/CS673/Scrum_Team_Patient_Intake_Kiosk/public/packs
[Webpacker] Hash: ac18fd6aa1885dbb8927
Version: webpack 4.46.0
Time: 1259ms
Built at: 12/07/2021 8:26:38 PM
                                       Asset      Size         Chunks                         Chunk Names
      js/application-e421b4aa3f716bebdab1.js   125 KiB    application  [emitted] [immutable]  application
  js/application-e421b4aa3f716bebdab1.js.map   139 KiB    application  [emitted] [dev]        application
          js/mainapp-da2e2a61c945a1c256a7.js  3.87 KiB        mainapp  [emitted] [immutable]  mainapp
      js/mainapp-da2e2a61c945a1c256a7.js.map  3.52 KiB        mainapp  [emitted] [dev]        mainapp
      js/progressbar-3253a3f82350684992e8.js  4.41 KiB    progressbar  [emitted] [immutable]  progressbar
  js/progressbar-3253a3f82350684992e8.js.map  4.21 KiB    progressbar  [emitted] [dev]        progressbar
           js/signin-53b8b9ea569b63cee51c.js  3.87 KiB         signin  [emitted] [immutable]  signin
       js/signin-53b8b9ea569b63cee51c.js.map  3.52 KiB         signin  [emitted] [dev]        signin
           js/signup-5bf03f37e8dcdc52f396.js  3.87 KiB         signup  [emitted] [immutable]  signup
       js/signup-5bf03f37e8dcdc52f396.js.map  3.52 KiB         signup  [emitted] [dev]        signup
      js/userconsent-2de988058156dbec72dd.js   5.8 KiB    userconsent  [emitted] [immutable]  userconsent
  js/userconsent-2de988058156dbec72dd.js.map  5.65 KiB    userconsent  [emitted] [dev]        userconsent
      js/userdetails-b5ac6865f2c4f30f9e1d.js  5.28 KiB    userdetails  [emitted] [immutable]  userdetails
  js/userdetails-b5ac6865f2c4f30f9e1d.js.map  5.13 KiB    userdetails  [emitted] [dev]        userdetails
       js/userhealth-f9704c431fc1d4b83fb2.js  3.89 KiB     userhealth  [emitted] [immutable]  userhealth
   js/userhealth-f9704c431fc1d4b83fb2.js.map  3.52 KiB     userhealth  [emitted] [dev]        userhealth
    js/userinsurance-42e6f13b8d3e0ddc4fc4.js  5.38 KiB  userinsurance  [emitted] [immutable]  userinsurance
js/userinsurance-42e6f13b8d3e0ddc4fc4.js.map  5.17 KiB  userinsurance  [emitted] [dev]        userinsurance
       js/userreview-9406c075fc545eb1ab6b.js  3.89 KiB     userreview  [emitted] [immutable]  userreview
   js/userreview-9406c075fc545eb1ab6b.js.map  3.52 KiB     userreview  [emitted] [dev]        userreview
                               manifest.json  3.24 KiB                 [emitted]              
Entrypoint application = js/application-e421b4aa3f716bebdab1.js js/application-e421b4aa3f716bebdab1.js.map
Entrypoint mainapp = js/mainapp-da2e2a61c945a1c256a7.js js/mainapp-da2e2a61c945a1c256a7.js.map
Entrypoint progressbar = js/progressbar-3253a3f82350684992e8.js js/progressbar-3253a3f82350684992e8.js.map
Entrypoint signin = js/signin-53b8b9ea569b63cee51c.js js/signin-53b8b9ea569b63cee51c.js.map
Entrypoint signup = js/signup-5bf03f37e8dcdc52f396.js js/signup-5bf03f37e8dcdc52f396.js.map
Entrypoint userconsent = js/userconsent-2de988058156dbec72dd.js js/userconsent-2de988058156dbec72dd.js.map
Entrypoint userdetails = js/userdetails-b5ac6865f2c4f30f9e1d.js js/userdetails-b5ac6865f2c4f30f9e1d.js.map
Entrypoint userhealth = js/userhealth-f9704c431fc1d4b83fb2.js js/userhealth-f9704c431fc1d4b83fb2.js.map
Entrypoint userinsurance = js/userinsurance-42e6f13b8d3e0ddc4fc4.js js/userinsurance-42e6f13b8d3e0ddc4fc4.js.map
Entrypoint userreview = js/userreview-9406c075fc545eb1ab6b.js js/userreview-9406c075fc545eb1ab6b.js.map
[./app/javascript/channels sync recursive _channel\.js$] ./app/javascript/channels sync _channel\.js$ 160 bytes {application} [built]
[./app/javascript/channels/index.js] 211 bytes {application} [built]
[./app/javascript/packs/application.js] 492 bytes {application} [built]
[./app/javascript/packs/mainapp.js] 0 bytes {mainapp} [built]
[./app/javascript/packs/progressbar.js] 530 bytes {progressbar} [built]
[./app/javascript/packs/signin.js] 0 bytes {signin} [built]
[./app/javascript/packs/signup.js] 0 bytes {signup} [built]
[./app/javascript/packs/userconsent.js] 1.9 KiB {userconsent} [built]
[./app/javascript/packs/userdetails.js] 1.39 KiB {userdetails} [built]
[./app/javascript/packs/userhealth.js] 0 bytes {userhealth} [built]
[./app/javascript/packs/userinsurance.js] 1.47 KiB {userinsurance} [built]
[./app/javascript/packs/userreview.js] 0 bytes {userreview} [built]
[./node_modules/webpack/buildin/module.js] (webpack)/buildin/module.js 552 bytes {application} [built]
    + 3 hidden modules

  Rendered layout layouts/application.html.erb (Duration: 2906.1ms | Allocations: 79331)
Completed 200 OK in 2916ms (Views: 2907.9ms | ActiveRecord: 2.1ms | Allocations: 83111)


Started GET "/health_histories/1/edit" for 127.0.0.1 at 2021-12-07 20:26:51 -0500
Processing by HealthHistoriesController#edit as HTML
  Parameters: {"id"=>"1"}
  [1m[36mHealthHistory Load (2.3ms)[0m  [1m[34mSELECT "health_histories".* FROM "health_histories" WHERE "health_histories"."id" = $1 LIMIT $2[0m  [["id", 1], ["LIMIT", 1]]
  ↳ app/controllers/health_histories_controller.rb:82:in `set_health_history'
  Rendering layout layouts/application.html.erb
  Rendering health_histories/edit.html.erb within layouts/application
  Rendered health_histories/_form.html.erb (Duration: 38.2ms | Allocations: 14145)
  Rendered health_histories/edit.html.erb within layouts/application (Duration: 40.3ms | Allocations: 14557)
[Webpacker] Everything's up-to-date. Nothing to do
  Rendered layout layouts/application.html.erb (Duration: 44.9ms | Allocations: 19371)
Completed 200 OK in 75ms (Views: 45.6ms | ActiveRecord: 3.5ms | Allocations: 21812)


Started GET "/health_histories/1" for 127.0.0.1 at 2021-12-07 20:27:02 -0500
Processing by HealthHistoriesController#show as HTML
  Parameters: {"id"=>"1"}
  [1m[36mHealthHistory Load (2.4ms)[0m  [1m[34mSELECT "health_histories".* FROM "health_histories" WHERE "health_histories"."id" = $1 LIMIT $2[0m  [["id", 1], ["LIMIT", 1]]
  ↳ app/controllers/health_histories_controller.rb:82:in `set_health_history'
  Rendering layout layouts/application.html.erb
  Rendering health_histories/show.html.erb within layouts/application
  Rendered health_histories/show.html.erb within layouts/application (Duration: 1.3ms | Allocations: 283)
[Webpacker] Everything's up-to-date. Nothing to do
  Rendered layout layouts/application.html.erb (Duration: 12.7ms | Allocations: 5098)
Completed 200 OK in 21ms (Views: 13.2ms | ActiveRecord: 2.4ms | Allocations: 6516)


Started GET "/health_histories/1/edit" for 127.0.0.1 at 2021-12-07 20:27:04 -0500
Processing by HealthHistoriesController#edit as HTML
  Parameters: {"id"=>"1"}
  [1m[36mHealthHistory Load (1.6ms)[0m  [1m[34mSELECT "health_histories".* FROM "health_histories" WHERE "health_histories"."id" = $1 LIMIT $2[0m  [["id", 1], ["LIMIT", 1]]
  ↳ app/controllers/health_histories_controller.rb:82:in `set_health_history'
  Rendering layout layouts/application.html.erb
  Rendering health_histories/edit.html.erb within layouts/application
  Rendered health_histories/_form.html.erb (Duration: 15.5ms | Allocations: 7562)
  Rendered health_histories/edit.html.erb within layouts/application (Duration: 30.2ms | Allocations: 8222)
[Webpacker] Everything's up-to-date. Nothing to do
  Rendered layout layouts/application.html.erb (Duration: 38.5ms | Allocations: 13166)
Completed 200 OK in 48ms (Views: 39.3ms | ActiveRecord: 1.6ms | Allocations: 14297)


Started GET "/health_histories" for 127.0.0.1 at 2021-12-07 20:28:40 -0500
  [1m[35m (1.0ms)[0m  [1m[34mSELECT "schema_migrations"."version" FROM "schema_migrations" ORDER BY "schema_migrations"."version" ASC[0m
Processing by HealthHistoriesController#index as HTML
  Rendering layout layouts/application.html.erb
  Rendering health_histories/index.html.erb within layouts/application
  [1m[36mHealthHistory Load (1.4ms)[0m  [1m[34mSELECT "health_histories".* FROM "health_histories"[0m
  ↳ app/views/health_histories/index.html.erb:14
  Rendered health_histories/index.html.erb within layouts/application (Duration: 19.4ms | Allocations: 13763)
[Webpacker] Everything's up-to-date. Nothing to do
  Rendered layout layouts/application.html.erb (Duration: 35.1ms | Allocations: 27410)
Completed 200 OK in 46ms (Views: 27.9ms | ActiveRecord: 9.1ms | Allocations: 31420)


Started GET "/health_histories/new" for 127.0.0.1 at 2021-12-07 20:28:44 -0500
Processing by HealthHistoriesController#new as HTML
  Rendering layout layouts/application.html.erb
  Rendering health_histories/new.html.erb within layouts/application
  Rendered health_histories/_form.html.erb (Duration: 20.2ms | Allocations: 11176)
  Rendered health_histories/new.html.erb within layouts/application (Duration: 23.2ms | Allocations: 11663)
[Webpacker] Everything's up-to-date. Nothing to do
  Rendered layout layouts/application.html.erb (Duration: 31.2ms | Allocations: 16483)
Completed 200 OK in 37ms (Views: 33.0ms | ActiveRecord: 0.0ms | Allocations: 17566)


Started GET "/users" for 127.0.0.1 at 2021-12-07 20:34:33 -0500
  
SyntaxError (/Users/Abhay/Projects/CS673/Scrum_Team_Patient_Intake_Kiosk/app/controllers/users_controller.rb:135: syntax error, unexpected end, expecting end-of-input):
  
app/controllers/users_controller.rb:135: syntax error, unexpected end, expecting end-of-input
app/controllers/users_controller.rb:135: syntax error, unexpected end, expecting end-of-input
app/controllers/users_controller.rb:135: syntax error, unexpected end, expecting end-of-input
Started GET "/users" for 127.0.0.1 at 2021-12-07 20:36:22 -0500
  
SyntaxError (/Users/Abhay/Projects/CS673/Scrum_Team_Patient_Intake_Kiosk/app/controllers/users_controller.rb:135: syntax error, unexpected end, expecting end-of-input):
  
app/controllers/users_controller.rb:135: syntax error, unexpected end, expecting end-of-input
app/controllers/users_controller.rb:135: syntax error, unexpected end, expecting end-of-input
app/controllers/users_controller.rb:135: syntax error, unexpected end, expecting end-of-input
Started GET "/users" for 127.0.0.1 at 2021-12-07 20:36:54 -0500
  
SyntaxError (/Users/Abhay/Projects/CS673/Scrum_Team_Patient_Intake_Kiosk/app/controllers/users_controller.rb:135: syntax error, unexpected end, expecting end-of-input):
  
app/controllers/users_controller.rb:135: syntax error, unexpected end, expecting end-of-input
app/controllers/users_controller.rb:135: syntax error, unexpected end, expecting end-of-input
app/controllers/users_controller.rb:135: syntax error, unexpected end, expecting end-of-input
Started GET "/users" for 127.0.0.1 at 2021-12-07 20:37:12 -0500
  
SyntaxError (/Users/Abhay/Projects/CS673/Scrum_Team_Patient_Intake_Kiosk/app/controllers/users_controller.rb:135: syntax error, unexpected end, expecting end-of-input
  end
  ^~~):
  
app/controllers/users_controller.rb:135: syntax error, unexpected end, expecting end-of-input
app/controllers/users_controller.rb:135: syntax error, unexpected end, expecting end-of-input
app/controllers/users_controller.rb:135: syntax error, unexpected end, expecting end-of-input
Started GET "/users" for 127.0.0.1 at 2021-12-07 20:37:19 -0500
  
SyntaxError (/Users/Abhay/Projects/CS673/Scrum_Team_Patient_Intake_Kiosk/app/controllers/users_controller.rb:135: syntax error, unexpected end, expecting end-of-input):
  
app/controllers/users_controller.rb:135: syntax error, unexpected end, expecting end-of-input
app/controllers/users_controller.rb:135: syntax error, unexpected end, expecting end-of-input
app/controllers/users_controller.rb:135: syntax error, unexpected end, expecting end-of-input
Started GET "/users" for 127.0.0.1 at 2021-12-07 20:38:50 -0500
  
SyntaxError (/Users/Abhay/Projects/CS673/Scrum_Team_Patient_Intake_Kiosk/app/controllers/users_controller.rb:131: syntax error, unexpected end-of-input, expecting end):
  
app/controllers/users_controller.rb:131: syntax error, unexpected end-of-input, expecting end
app/controllers/users_controller.rb:131: syntax error, unexpected end-of-input, expecting end
app/controllers/users_controller.rb:131: syntax error, unexpected end-of-input, expecting end
Started GET "/users" for 127.0.0.1 at 2021-12-07 20:39:25 -0500
Processing by UsersController#index as HTML
  Rendering layout layouts/application.html.erb
  Rendering users/index.html.erb within layouts/application
  [1m[36mUser Load (2.9ms)[0m  [1m[34mSELECT "users".* FROM "users"[0m
  ↳ app/views/users/index.html.erb:14
  Rendered users/index.html.erb within layouts/application (Duration: 26.2ms | Allocations: 10395)
[Webpacker] Everything's up-to-date. Nothing to do
  Rendered layout layouts/application.html.erb (Duration: 34.4ms | Allocations: 15318)
Completed 200 OK in 38ms (Views: 20.6ms | ActiveRecord: 14.7ms | Allocations: 16958)


Started GET "/clients" for 127.0.0.1 at 2021-12-07 20:40:33 -0500
  [1m[35m (1.4ms)[0m  [1m[34mSELECT "schema_migrations"."version" FROM "schema_migrations" ORDER BY "schema_migrations"."version" ASC[0m
Processing by ClientsController#index as HTML
  Rendering layout layouts/application.html.erb
  Rendering clients/index.html.erb within layouts/application
  [1m[36mClient Load (6.9ms)[0m  [1m[34mSELECT "clients".* FROM "clients"[0m
  ↳ app/views/clients/index.html.erb:14
  Rendered clients/index.html.erb within layouts/application (Duration: 22.3ms | Allocations: 4611)
[Webpacker] Everything's up-to-date. Nothing to do
  Rendered layout layouts/application.html.erb (Duration: 40.0ms | Allocations: 18258)
Completed 200 OK in 52ms (Views: 24.7ms | ActiveRecord: 17.5ms | Allocations: 21441)


Started GET "/sessions" for 127.0.0.1 at 2021-12-07 20:40:41 -0500
Processing by SessionsController#index as HTML
  Rendering layout layouts/application.html.erb
  Rendering sessions/index.html.erb within layouts/application
  [1m[36mSession Load (5.0ms)[0m  [1m[34mSELECT "sessions".* FROM "sessions"[0m
  ↳ app/views/sessions/index.html.erb:14
  Rendered sessions/index.html.erb within layouts/application (Duration: 8.9ms | Allocations: 1196)
[Webpacker] Everything's up-to-date. Nothing to do
  Rendered layout layouts/application.html.erb (Duration: 16.1ms | Allocations: 6013)
Completed 200 OK in 26ms (Views: 14.1ms | ActiveRecord: 5.0ms | Allocations: 7684)


Started GET "/health_histories" for 127.0.0.1 at 2021-12-07 20:40:47 -0500
Processing by HealthHistoriesController#index as HTML
  Rendering layout layouts/application.html.erb
  Rendering health_histories/index.html.erb within layouts/application
  [1m[36mHealthHistory Load (2.0ms)[0m  [1m[34mSELECT "health_histories".* FROM "health_histories"[0m
  ↳ app/views/health_histories/index.html.erb:14
  Rendered health_histories/index.html.erb within layouts/application (Duration: 42.7ms | Allocations: 13262)
[Webpacker] Everything's up-to-date. Nothing to do
  Rendered layout layouts/application.html.erb (Duration: 52.3ms | Allocations: 18079)
Completed 200 OK in 62ms (Views: 45.0ms | ActiveRecord: 10.7ms | Allocations: 19424)


Started GET "/patients" for 127.0.0.1 at 2021-12-07 20:40:55 -0500
Processing by PatientsController#index as HTML
  Rendering layout layouts/application.html.erb
  Rendering patients/index.html.erb within layouts/application
  [1m[36mPatient Load (1.4ms)[0m  [1m[34mSELECT "patients".* FROM "patients"[0m
  ↳ app/views/patients/index.html.erb:14
  Rendered patients/index.html.erb within layouts/application (Duration: 66.1ms | Allocations: 18108)
  Rendered layout layouts/application.html.erb (Duration: 66.4ms | Allocations: 18179)
Completed 500 Internal Server Error in 75ms (ActiveRecord: 9.7ms | Allocations: 19529)


  
ActionView::Template::Error (undefined method `patient_id' for #<Patient:0x00007fb5db48ea70>):
    13:   <tbody>
    14:     <% @patients.each do |patient| %>
    15:       <tr>
    16:         <td><%= patient.patient_id %></td>
    17:         <td><%= link_to 'Show', patient %></td>
    18:         <td><%= link_to 'Edit', edit_patient_path(patient) %></td>
    19:         <td><%= link_to 'Destroy', patient, method: :delete, data: { confirm: 'Are you sure?' } %></td>
  
app/views/patients/index.html.erb:16
app/views/patients/index.html.erb:14
Started GET "/patients/new" for 127.0.0.1 at 2021-12-07 20:41:03 -0500
Processing by PatientsController#new as HTML
  Rendering layout layouts/application.html.erb
  Rendering patients/new.html.erb within layouts/application
  Rendered patients/_form.html.erb (Duration: 24.5ms | Allocations: 10688)
  Rendered patients/new.html.erb within layouts/application (Duration: 26.8ms | Allocations: 11055)
[Webpacker] Everything's up-to-date. Nothing to do
  Rendered layout layouts/application.html.erb (Duration: 35.9ms | Allocations: 15894)
Completed 200 OK in 39ms (Views: 36.9ms | ActiveRecord: 0.0ms | Allocations: 16561)


Started GET "/" for 127.0.0.1 at 2021-12-07 21:51:37 -0500
  [1m[35m (0.9ms)[0m  [1m[34mSELECT "schema_migrations"."version" FROM "schema_migrations" ORDER BY "schema_migrations"."version" ASC[0m
Started GET "/" for 127.0.0.1 at 2021-12-07 22:05:15 -0500
  [1m[35m (1.0ms)[0m  [1m[34mSELECT "schema_migrations"."version" FROM "schema_migrations" ORDER BY "schema_migrations"."version" ASC[0m
Started GET "/" for 127.0.0.1 at 2021-12-07 22:05:35 -0500
Started GET "/users" for 127.0.0.1 at 2021-12-07 22:05:39 -0500
Processing by UsersController#index as HTML
  Rendering layout layouts/application.html.erb
  Rendering users/index.html.erb within layouts/application
  [1m[36mUser Load (1.4ms)[0m  [1m[34mSELECT "users".* FROM "users"[0m
  ↳ app/views/users/index.html.erb:14
  Rendered users/index.html.erb within layouts/application (Duration: 18.6ms | Allocations: 10635)
[Webpacker] Everything's up-to-date. Nothing to do
  Rendered layout layouts/application.html.erb (Duration: 39.3ms | Allocations: 24243)
Completed 200 OK in 54ms (Views: 33.4ms | ActiveRecord: 8.2ms | Allocations: 28258)


Started GET "/users/1" for 127.0.0.1 at 2021-12-07 22:05:46 -0500
Processing by UsersController#show as HTML
  Parameters: {"id"=>"1"}
  [1m[36mUser Load (1.0ms)[0m  [1m[34mSELECT "users".* FROM "users" WHERE "users"."id" = $1 LIMIT $2[0m  [["id", 1], ["LIMIT", 1]]
  ↳ app/controllers/users_controller.rb:125:in `set_user'
  Rendering layout layouts/application.html.erb
  Rendering users/show.html.erb within layouts/application
  Rendered users/show.html.erb within layouts/application (Duration: 1.2ms | Allocations: 258)
[Webpacker] Everything's up-to-date. Nothing to do
  Rendered layout layouts/application.html.erb (Duration: 9.5ms | Allocations: 5075)
Completed 200 OK in 20ms (Views: 9.8ms | ActiveRecord: 1.5ms | Allocations: 7049)


Started GET "/users/1/edit" for 127.0.0.1 at 2021-12-07 22:05:49 -0500
Processing by UsersController#edit as HTML
  Parameters: {"id"=>"1"}
  [1m[36mUser Load (4.5ms)[0m  [1m[34mSELECT "users".* FROM "users" WHERE "users"."id" = $1 LIMIT $2[0m  [["id", 1], ["LIMIT", 1]]
  ↳ app/controllers/users_controller.rb:125:in `set_user'
  Rendering layout layouts/application.html.erb
  Rendering users/edit.html.erb within layouts/application
  Rendered users/_form.html.erb (Duration: 10.3ms | Allocations: 5840)
  Rendered users/edit.html.erb within layouts/application (Duration: 12.5ms | Allocations: 6247)
[Webpacker] Everything's up-to-date. Nothing to do
  Rendered layout layouts/application.html.erb (Duration: 17.7ms | Allocations: 11061)
Completed 200 OK in 28ms (Views: 18.3ms | ActiveRecord: 4.5ms | Allocations: 12449)


Started GET "/" for 127.0.0.1 at 2021-12-08 08:37:13 -0500
  [1m[35m (2.6ms)[0m  [1m[34mSELECT "schema_migrations"."version" FROM "schema_migrations" ORDER BY "schema_migrations"."version" ASC[0m
